Stari: q0' q1' q10' q11' q12' q13' q14' q15' q16' q17' q18' q19' q2' q20' q3' q4' q5' q6' q7' q8' q9' 
Alfabet: a b 
Stare initiala: q20'
Stari finale: q14' q15' q16' q18' q19' q4' q5' q6' q7' q8' q9' 
Tranzitii:
(q0', a) -> q1'
(q0', b) -> q10'
(q1', a) -> q5'
(q1', b) -> q2'
(q10', a) -> q1'
(q10', b) -> q10'
(q11', a) -> q17'
(q11', b) -> q12'
(q12', a) -> q14'
(q12', b) -> q13'
(q13', a) -> q14'
(q13', b) -> q13'
(q14', b) -> q15'
(q15', b) -> q16'
(q16', b) -> q16'
(q17', b) -> q18'
(q18', b) -> q19'
(q19', b) -> q19'
(q2', a) -> q4'
(q2', b) -> q3'
(q20', a) -> q11'
(q20', b) -> q0'
(q3', a) -> q4'
(q3', b) -> q3'
(q4', b) -> q6'
(q5', b) -> q8'
(q6', b) -> q7'
(q7', b) -> q7'
(q8', b) -> q9'
(q9', b) -> q9'
